myip.is
ifconfig.co
# Global
akadns.net
akam.net
akamai.com
akamai.net
akamaiedge.net
akamaihd.net
akamaistream.net
akamaitech.net
akamaitechnologies.com
akamaitechnologies.fr
akamaized.net
edgekey.net
edgesuite.net
srip.net
footprint.net
level3.net
llnwd.net
edgecastcdn.net
cloudfront.net
# Zattoo  
#zattoo.com       
#zattic.com 
zattoohds-a.akamaihd.net
zathdslive-a.akamaihd.net      
zahs.tv          
zatsslive-a.akamaihd.net       
chromecast-receiver.zattoo.com 
box30030.wemfbox.ch 
zattoo.wemfbox.ch
zatsslive-a.akamaihd.net
# Netflix    
netflix.com     
netflix.de  
nflximg.net     
nflximg.com     
nflxvideo.net   
netflix.net
nflximg.net
nflxvideo.net
nflxso.net
nflxext.com
hulu.com
huluim.com
hbonow.com
hbogo.com
hbo.com
amazon.com
amazon.co.uk
amazonvideo.com
crackle.com
pandora.com
vudu.com
blinkbox.com
abc.com
fox.com
theplatform.com
nbc.com
nbcuni.com
ip2location.com
pbs.org
warnerbros.com
southpark.cc.com
cbs.com
brightcove.com
cwtv.com
spike.com
go.com
mtv.com
mtvnservices.com
playstation.net
uplynk.com
maxmind.com
disney.com
disneyjunior.com
xboxlive.com
lovefilm.com
turner.com
amctv.com
sho.com
mog.com
wdtvlive.com
beinsportsconnect.tv
beinsportsconnect.net
fig.bbc.co.uk
open.live.bbc.co.uk
bbc.co.uk
crunchyroll.com
omtrdc.net
sling.com
movetv.com
optus.com.au
optusnet.com.au              
#wilmaa
wilmaa.com
wilmaa.wemfbox.ch
wilm-ssl.wemfbox.ch
user.wilmaa.tvbackbone.com
multiscreencache.tvbackbone.com
teleboy.ch
wilmaa.customers.cdn.iptv.ch
teleboy.customers.cdn.iptv.ch
cdn.iptv.ch
# SRF CH
srgssr.ch
cdn.rts.ch
srgsnitch.herokuapp.com
srg.live.ott.irdeto.com
